[    6744ms] [ERROR] Failed to load resource: net::ERR_CONNECTION_REFUSED @ http://localhost:3010/api/products:0
[  287566ms] [ERROR] Failed to load resource: net::ERR_CONNECTION_REFUSED @ http://localhost:3010/favicon.png:0
[  287833ms] [ERROR] Failed to load resource: net::ERR_CONNECTION_REFUSED @ http://localhost:3010/data_science/processed_training_set/whatsapp-image-2026-01-01-at-23.40.57.jpeg:0
[  287843ms] [ERROR] Failed to load resource: net::ERR_CONNECTION_REFUSED @ http://localhost:3010/data_science/processed_training_set/whatsapp-image-2026-01-01-at-23.40.54.jpeg:0
[  287843ms] [ERROR] Failed to load resource: net::ERR_CONNECTION_REFUSED @ http://localhost:3010/data_science/processed_training_set/whatsapp-image-2026-01-01-at-23.40.52.jpeg:0
[  287843ms] [ERROR] Failed to load resource: net::ERR_CONNECTION_REFUSED @ http://localhost:3010/data_science/processed_training_set/whatsapp-image-2026-01-01-at-23.40.58.jpeg:0
[  287843ms] [ERROR] Failed to load resource: net::ERR_CONNECTION_REFUSED @ http://localhost:3010/data_science/processed_training_set/whatsapp-image-2026-01-01-at-23.40.49.jpeg:0
[  289903ms] [ERROR] Failed to load resource: net::ERR_CONNECTION_REFUSED @ http://localhost:3010/data_science/processed_training_set/whatsapp-image-2026-01-01-at-23.40.46.jpeg:0
[  290180ms] [ERROR] Failed to load resource: net::ERR_CONNECTION_REFUSED @ http://localhost:3010/data_science/processed_training_set/whatsapp-image-2026-01-01-at-23.40.45.jpeg:0
[  290189ms] [ERROR] Failed to load resource: net::ERR_CONNECTION_REFUSED @ http://localhost:3010/data_science/processed_training_set/whatsapp-image-2026-01-01-at-23.40.48.jpeg:0
[  290190ms] [ERROR] Failed to load resource: net::ERR_CONNECTION_REFUSED @ http://localhost:3010/data_science/processed_training_set/whatsapp-image-2026-01-01-at-23.40.56.jpeg:0
[  290190ms] [ERROR] Failed to load resource: net::ERR_CONNECTION_REFUSED @ http://localhost:3010/data_science/processed_training_set/whatsapp-image-2026-01-01-at-23.40.53.jpeg:0
[  290190ms] [ERROR] Failed to load resource: net::ERR_CONNECTION_REFUSED @ http://localhost:3010/data_science/processed_training_set/whatsapp-image-2026-01-01-at-23.40.50.jpeg:0
[  292234ms] [ERROR] Failed to load resource: net::ERR_CONNECTION_REFUSED @ http://localhost:3010/data_science/processed_training_set/whatsapp-image-2026-01-01-at-23.40.43.jpeg:0
[  292526ms] [ERROR] Failed to load resource: net::ERR_CONNECTION_REFUSED @ http://localhost:3010/data_science/processed_training_set/whatsapp-image-2026-01-01-at-23.40.47.jpeg:0
[  292527ms] [ERROR] Failed to load resource: net::ERR_CONNECTION_REFUSED @ http://localhost:3010/data_science/processed_training_set/whatsapp-image-2026-01-01-at-23.40.51.jpeg:0
[  292527ms] [ERROR] Failed to load resource: net::ERR_CONNECTION_REFUSED @ http://localhost:3010/data_science/processed_training_set/whatsapp-image-2026-01-01-at-23.40.55.jpeg:0
[  292527ms] [ERROR] Failed to load resource: net::ERR_CONNECTION_REFUSED @ http://localhost:3010/data_science/processed_training_set/whatsapp-image-2026-01-01-at-23.40.59.jpeg:0
[  292541ms] [ERROR] Failed to load resource: net::ERR_CONNECTION_REFUSED @ http://localhost:3010/data_science/processed_training_set/whatsapp-image-2026-01-01-at-23.40.44.jpeg:0
[  296964ms] [ERROR] Failed to load resource: net::ERR_CONNECTION_REFUSED @ http://localhost:3010/api/products:0
[  296980ms] [ERROR] Failed to load resource: net::ERR_CONNECTION_REFUSED @ http://localhost:3010/favicon.png:0
[  303761ms] [ERROR] Failed to load resource: net::ERR_CONNECTION_REFUSED @ http://localhost:3010/textures/quartz/BQ8330-Ventisca-or-Ventiscar-CAN-or-US-Polished-001-REFLECTION-2K/Color.jpg:0
[  303761ms] [ERROR] Failed to load resource: net::ERR_CONNECTION_REFUSED @ http://localhost:3010/textures/quartz/VICOSTONE-CANADA_BQ8786-THUNDER-BLUE-or-AZUR-DE-MAR(r)-(US)_POLISHED/BQ8786-Thunder-Blue-or-Azur-De-Marr-US-Polished-001-DISPLACEMENT16-2K.png:0
[  303761ms] [ERROR] Failed to load resource: net::ERR_CONNECTION_REFUSED @ http://localhost:3010/textures/other/stones/grey-ice-marble.jpg:0
[  303761ms] [ERROR] Failed to load resource: net::ERR_CONNECTION_REFUSED @ http://localhost:3010/textures/quartz/BQ8926-Calacatta-Caldia-or-CALACATTA-CALDIAtm-US-Polished-001-REFLECTION-2K/Color.jpg:0
[  303762ms] [ERROR] Failed to load resource: net::ERR_CONNECTION_REFUSED @ http://localhost:3010/textures/quartz/public_quartz/diffuse.jpg:0
[  303772ms] [ERROR] Failed to load resource: net::ERR_CONNECTION_REFUSED @ http://localhost:3010/data_science/processed_training_set/Marble009.png:0
[  306112ms] [ERROR] Failed to load resource: net::ERR_CONNECTION_REFUSED @ http://localhost:3010/textures/quartz/VICOSTONE-CANADA_BQ8330-VENTISCA-or-VENTISCA(r)-(CAN-or-US)_POLISHED/Color.jpg:0
[  306112ms] [ERROR] Failed to load resource: net::ERR_CONNECTION_REFUSED @ http://localhost:3010/textures/marble/marble_01_2k.blend/textures/marble_01_diff_2k.jpg:0
[  306113ms] [ERROR] Failed to load resource: net::ERR_CONNECTION_REFUSED @ http://localhost:3010/textures/quartz/BQ8915-Alessandria-or-Alessandriar-US-Polished-001-REFLECTION-2K/Color.jpg:0
[  306113ms] [ERROR] Failed to load resource: net::ERR_CONNECTION_REFUSED @ http://localhost:3010/textures/marble/Marble009/Marble009_2K-JPG_Color.jpg:0
[  306113ms] [ERROR] Failed to load resource: net::ERR_CONNECTION_REFUSED @ http://localhost:3010/textures/marble/Marble015/Marble015_2K-JPG_Color.jpg:0
[  306113ms] [ERROR] Failed to load resource: net::ERR_CONNECTION_REFUSED @ http://localhost:3010/textures/quartz/VICOSTONE-CANADA_BQ8915-ALESSANDRIA-or-ALESSANDRIA(r)-(US)_POLISHED/Color.jpg:0
[  308453ms] [ERROR] Failed to load resource: net::ERR_CONNECTION_REFUSED @ http://localhost:3010/textures/quartz/BQ8912-Arabescato-or-ARABESCATOtm-US-Polished-001-REFLECTION-2K/Color.jpg:0
[  308461ms] [ERROR] Failed to load resource: net::ERR_CONNECTION_REFUSED @ http://localhost:3010/textures/quartz/BQ2088-Onyx-White-or-ONYX-WHITEr-Polished-001-REFLECTION-2K/Color.jpg:0
[  308461ms] [ERROR] Failed to load resource: net::ERR_CONNECTION_REFUSED @ http://localhost:3010/textures/other/stones/titanium-gold-granite.jpg:0
[  308461ms] [ERROR] Failed to load resource: net::ERR_CONNECTION_REFUSED @ http://localhost:3010/data_science/processed_training_set/Granite002B_2K-JPG_Color.jpg:0
[  308461ms] [ERROR] Failed to load resource: net::ERR_CONNECTION_REFUSED @ http://localhost:3010/data_science/processed_training_set/Granite001B_2K-JPG_Color.jpg:0
[  308461ms] [ERROR] Failed to load resource: net::ERR_CONNECTION_REFUSED @ http://localhost:3010/textures/other/stones/blue-dunes-granite.jpg:0
[  311961ms] [ERROR] Failed to load resource: net::ERR_CONNECTION_REFUSED @ http://localhost:3010/textures/marble/Marble007_2K-JPG_Color/Color.jpg:0
[  311964ms] [ERROR] Failed to load resource: net::ERR_CONNECTION_REFUSED @ http://localhost:3010/data_science/processed_training_set/Marble008_2K-JPG_Color.jpg:0
[  311964ms] [ERROR] Failed to load resource: net::ERR_CONNECTION_REFUSED @ http://localhost:3010/textures/marble/Marble008_2K-JPG_Color/Color.jpg:0
[  311965ms] [ERROR] Failed to load resource: net::ERR_CONNECTION_REFUSED @ http://localhost:3010/data_science/processed_training_set/Marble007.png:0
[  311965ms] [ERROR] Failed to load resource: net::ERR_CONNECTION_REFUSED @ http://localhost:3010/textures/marble/Marble019/Marble019_2K-JPG_Color.jpg:0
[  311965ms] [ERROR] Failed to load resource: net::ERR_CONNECTION_REFUSED @ http://localhost:3010/textures/marble/Marble024_2K-JPG_Color/Color.jpg:0
[  314312ms] [ERROR] Failed to load resource: net::ERR_CONNECTION_REFUSED @ http://localhost:3010/textures/marble/Marble024/Marble024_2K-JPG_Color.jpg:0
[  314319ms] [ERROR] Failed to load resource: net::ERR_CONNECTION_REFUSED @ http://localhost:3010/data_science/processed_training_set/Marble008.png:0
[  314320ms] [ERROR] Failed to load resource: net::ERR_CONNECTION_REFUSED @ http://localhost:3010/textures/marble/Marble023_2K-JPG_Color/Color.jpg:0
[  314320ms] [ERROR] Failed to load resource: net::ERR_CONNECTION_REFUSED @ http://localhost:3010/textures/marble/Marble008/Marble008_2K-JPG_Color.jpg:0
[  314320ms] [ERROR] Failed to load resource: net::ERR_CONNECTION_REFUSED @ http://localhost:3010/data_science/processed_training_set/Marble023.png:0
[  314320ms] [ERROR] Failed to load resource: net::ERR_CONNECTION_REFUSED @ http://localhost:3010/textures/marble/Marble025_2K-JPG_Color/Color.jpg:0
[  316634ms] [ERROR] Failed to load resource: net::ERR_CONNECTION_REFUSED @ http://localhost:3010/textures/quartz/VICOSTONE-CANADA_BQ8786-THUNDER-BLUE-or-AZUR-DE-MAR(r)-(US)_POLISHED/BQ8786-Thunder-Blue-or-Azur-De-Marr-US-Polished-001-DISPLACEMENT16-2K.png:0
[  316638ms] [ERROR] Failed to load resource: net::ERR_CONNECTION_REFUSED @ http://localhost:3010/textures/quartz/BQ8330-Ventisca-or-Ventiscar-CAN-or-US-Polished-001-REFLECTION-2K/Color.jpg:0
[  316639ms] [ERROR] Failed to load resource: net::ERR_CONNECTION_REFUSED @ http://localhost:3010/data_science/processed_training_set/Marble023_2K-JPG_Color.jpg:0
[  316639ms] [ERROR] Failed to load resource: net::ERR_CONNECTION_REFUSED @ http://localhost:3010/textures/quartz/VICOSTONE-CANADA_BQ8330-VENTISCA-or-VENTISCA(r)-(CAN-or-US)_POLISHED/Color.jpg:0
[  316639ms] [ERROR] Failed to load resource: net::ERR_CONNECTION_REFUSED @ http://localhost:3010/textures/quartz/BQ8915-Alessandria-or-Alessandriar-US-Polished-001-REFLECTION-2K/Color.jpg:0
[  316655ms] [ERROR] Failed to load resource: net::ERR_CONNECTION_REFUSED @ http://localhost:3010/textures/quartz/VICOSTONE-CANADA_BQ8915-ALESSANDRIA-or-ALESSANDRIA(r)-(US)_POLISHED/Color.jpg:0
[  318974ms] [ERROR] Failed to load resource: net::ERR_CONNECTION_REFUSED @ http://localhost:3010/textures/other/stones/grey-ice-marble.jpg:0
[  318985ms] [ERROR] Failed to load resource: net::ERR_CONNECTION_REFUSED @ http://localhost:3010/data_science/processed_training_set/Marble009.png:0
[  318986ms] [ERROR] Failed to load resource: net::ERR_CONNECTION_REFUSED @ http://localhost:3010/textures/marble/marble_01_2k.blend/textures/marble_01_diff_2k.jpg:0
[  318986ms] [ERROR] Failed to load resource: net::ERR_CONNECTION_REFUSED @ http://localhost:3010/textures/marble/Marble015/Marble015_2K-JPG_Color.jpg:0
[  318986ms] [ERROR] Failed to load resource: net::ERR_CONNECTION_REFUSED @ http://localhost:3010/textures/marble/Marble009/Marble009_2K-JPG_Color.jpg:0
[  319006ms] [ERROR] Failed to load resource: net::ERR_CONNECTION_REFUSED @ http://localhost:3010/textures/quartz/public_quartz/diffuse.jpg:0
[  321291ms] [ERROR] Failed to load resource: net::ERR_CONNECTION_REFUSED @ http://localhost:3010/textures/quartz/BQ8926-Calacatta-Caldia-or-CALACATTA-CALDIAtm-US-Polished-001-REFLECTION-2K/Color.jpg:0
[  321337ms] [ERROR] Failed to load resource: net::ERR_CONNECTION_REFUSED @ http://localhost:3010/textures/quartz/BQ8912-Arabescato-or-ARABESCATOtm-US-Polished-001-REFLECTION-2K/Color.jpg:0
[  321340ms] [ERROR] Failed to load resource: net::ERR_CONNECTION_REFUSED @ http://localhost:3010/textures/quartz/BQ2088-Onyx-White-or-ONYX-WHITEr-Polished-001-REFLECTION-2K/Color.jpg:0
[  321340ms] [ERROR] Failed to load resource: net::ERR_CONNECTION_REFUSED @ http://localhost:3010/textures/quartz/BQ100-Quasar-Light-or-SUPER-WHITEtm-US-Polished-001-REFLECTION-2K/Color.jpg:0
[  321340ms] [ERROR] Failed to load resource: net::ERR_CONNECTION_REFUSED @ http://localhost:3010/textures/quartz/BQ8820-Misterio-Gold-or-MISTERIO-GOLDr-CAN-or-US-Polished-001-REFLECTION-2K/Color.jpg:0
[  321340ms] [ERROR] Failed to load resource: net::ERR_CONNECTION_REFUSED @ http://localhost:3010/data_science/processed_training_set/quartz.jpg:0
[  323629ms] [ERROR] Failed to load resource: net::ERR_CONNECTION_REFUSED @ http://localhost:3010/textures/quartz/VICOSTONE-CANADA_BQ400-SILVER-WHITE-or-TITANIUMtm-POLISHED-(CAN-or-US)_POLISHED/BQ400-Silver-White-or-TITANIUMtm-Polished-CAN-or-US-Polished-001-Base_Color-2K.png:0
[  323661ms] [ERROR] Failed to load resource: net::ERR_CONNECTION_REFUSED @ http://localhost:3010/textures/quartz/VICOSTONE-CANADA_BQ277_SANTENAY-HONED%20(1)/BQ277-Santenay-Honed-001-Base_Color-2K.png:0
[  323665ms] [ERROR] Failed to load resource: net::ERR_CONNECTION_REFUSED @ http://localhost:3010/textures/quartz/BQ8863-Tartufo-or-TARTUFOr-CAN-or-US-Honed-001-REFLECTION-2K/Color.jpg:0
[  323665ms] [ERROR] Failed to load resource: net::ERR_CONNECTION_REFUSED @ http://localhost:3010/textures/quartz/VICOSTONE-CANADA_BQ6880-NUVOLATO-or-NUVOLATOtm-(CAN-or-US)_POLISHED/Color.jpg:0
[  323665ms] [ERROR] Failed to load resource: net::ERR_CONNECTION_REFUSED @ http://localhost:3010/textures/quartz/BQ8881-Gan-Eden-or-LUNA-PLENAtm-CAN-or-US-Polished-001-REFLECTION-2K/Color.jpg:0
[  323665ms] [ERROR] Failed to load resource: net::ERR_CONNECTION_REFUSED @ http://localhost:3010/textures/quartz/VICOSTONE-CANADA_BQ8800-BETTOGLIO-or-BETTOGLIOtm-(CAN-or-US)_POLISHED/BQ8800-Bettoglio-or-Bettogliotm-CAN-or-US-Polished-001-Base_Color-2K.png:0
[  325965ms] [ERROR] Failed to load resource: net::ERR_CONNECTION_REFUSED @ http://localhost:3010/textures/other/stones/titanium-gold-granite.jpg:0
[  326019ms] [ERROR] Failed to load resource: net::ERR_CONNECTION_REFUSED @ http://localhost:3010/data_science/processed_training_set/Granite002B_2K-JPG_Color.jpg:0
[  326022ms] [ERROR] Failed to load resource: net::ERR_CONNECTION_REFUSED @ http://localhost:3010/data_science/processed_training_set/Granite001B_2K-JPG_Color.jpg:0
[  326022ms] [ERROR] Failed to load resource: net::ERR_CONNECTION_REFUSED @ http://localhost:3010/textures/other/stones/blue-dunes-granite.jpg:0
[  326022ms] [ERROR] Failed to load resource: net::ERR_CONNECTION_REFUSED @ http://localhost:3010/data_science/processed_training_set/Granite005A_2K-JPG_Color.jpg:0
[  326022ms] [ERROR] Failed to load resource: net::ERR_CONNECTION_REFUSED @ http://localhost:3010/textures/granite/Granite005B/Granite005B_2K-JPG_Color.jpg:0
[  328307ms] [ERROR] Failed to load resource: net::ERR_CONNECTION_REFUSED @ http://localhost:3010/data_science/processed_training_set/Granite002A_2K-JPG_Color.jpg:0
[  328355ms] [ERROR] Failed to load resource: net::ERR_CONNECTION_REFUSED @ http://localhost:3010/textures/granite/Granite005A/Granite005A_2K-JPG_Color.jpg:0
[  328356ms] [ERROR] Failed to load resource: net::ERR_CONNECTION_REFUSED @ http://localhost:3010/textures/other/textures/granite_wall_disp_2k.png:0
[  328356ms] [ERROR] Failed to load resource: net::ERR_CONNECTION_REFUSED @ http://localhost:3010/data_science/processed_training_set/Granite001A.png:0
[  328356ms] [ERROR] Failed to load resource: net::ERR_CONNECTION_REFUSED @ http://localhost:3010/textures/granite/Granite002A_2K-JPG_Color/Color.jpg:0
[  328357ms] [ERROR] Failed to load resource: net::ERR_CONNECTION_REFUSED @ http://localhost:3010/data_science/processed_training_set/Granite002B.png:0
[  330643ms] [ERROR] Failed to load resource: net::ERR_CONNECTION_REFUSED @ http://localhost:3010/textures/granite/Granite006A/Granite006A_2K-JPG_Color.jpg:0
[  330698ms] [ERROR] Failed to load resource: net::ERR_CONNECTION_REFUSED @ http://localhost:3010/textures/granite/Granite001A/Granite001A_2K-JPG_Color.jpg:0
[  330698ms] [ERROR] Failed to load resource: net::ERR_CONNECTION_REFUSED @ http://localhost:3010/textures/granite/Granite002A/Granite002A_2K-JPG_Color.jpg:0
[  330698ms] [ERROR] Failed to load resource: net::ERR_CONNECTION_REFUSED @ http://localhost:3010/textures/granite/Granite005A_2K-JPG_Color/Color.jpg:0
[  330698ms] [ERROR] Failed to load resource: net::ERR_CONNECTION_REFUSED @ http://localhost:3010/textures/granite/Granite003A/Granite003A_2K-JPG_Color.jpg:0
[  330698ms] [ERROR] Failed to load resource: net::ERR_CONNECTION_REFUSED @ http://localhost:3010/data_science/processed_training_set/Granite005B_2K-JPG_Color.jpg:0
[  332989ms] [ERROR] Failed to load resource: net::ERR_CONNECTION_REFUSED @ http://localhost:3010/textures/other/stones/dekton-entzo.png:0
[  333020ms] [ERROR] Failed to load resource: net::ERR_CONNECTION_REFUSED @ http://localhost:3010/textures/other/stones/dekton-laurent.png:0
[  333028ms] [ERROR] Failed to load resource: net::ERR_CONNECTION_REFUSED @ http://localhost:3010/textures/other/stones/dekton-trilium.png:0
